{"/Users/cla/Documents/Personal/BYUI/CSE 341 - Web Services/w5/cse341-team-project/server.js": {"path":"/Users/cla/Documents/Personal/BYUI/CSE 341 - Web Services/w5/cse341-team-project/server.js","statementMap":{"0":{"start":{"line":1,"column":16},"end":{"line":1,"column":34}},"1":{"start":{"line":2,"column":17},"end":{"line":2,"column":36}},"2":{"start":{"line":3,"column":13},"end":{"line":3,"column":28}},"3":{"start":{"line":4,"column":0},"end":{"line":4,"column":27}},"4":{"start":{"line":5,"column":15},"end":{"line":5,"column":34}},"5":{"start":{"line":7,"column":18},"end":{"line":7,"column":47}},"6":{"start":{"line":8,"column":24},"end":{"line":8,"column":44}},"7":{"start":{"line":9,"column":12},"end":{"line":9,"column":21}},"8":{"start":{"line":11,"column":0},"end":{"line":17,"column":2}},"9":{"start":{"line":18,"column":0},"end":{"line":18,"column":24}},"10":{"start":{"line":21,"column":0},"end":{"line":23,"column":3}},"11":{"start":{"line":22,"column":2},"end":{"line":22,"column":33}},"12":{"start":{"line":26,"column":0},"end":{"line":36,"column":2}},"13":{"start":{"line":38,"column":0},"end":{"line":38,"column":24}},"14":{"start":{"line":41,"column":2},"end":{"line":47,"column":3}},"15":{"start":{"line":42,"column":4},"end":{"line":42,"column":52}},"16":{"start":{"line":43,"column":4},"end":{"line":43,"column":37}},"17":{"start":{"line":45,"column":4},"end":{"line":45,"column":53}},"18":{"start":{"line":46,"column":4},"end":{"line":46,"column":20}},"19":{"start":{"line":50,"column":13},"end":{"line":50,"column":37}},"20":{"start":{"line":53,"column":0},"end":{"line":63,"column":1}},"21":{"start":{"line":54,"column":2},"end":{"line":62,"column":5}},"22":{"start":{"line":55,"column":4},"end":{"line":61,"column":7}},"23":{"start":{"line":56,"column":6},"end":{"line":56,"column":47}},"24":{"start":{"line":58,"column":6},"end":{"line":60,"column":8}},"25":{"start":{"line":65,"column":0},"end":{"line":65,"column":36}}},"fnMap":{"0":{"name":"(anonymous_0)","decl":{"start":{"line":21,"column":13},"end":{"line":21,"column":14}},"loc":{"start":{"line":21,"column":27},"end":{"line":23,"column":1}},"line":21},"1":{"name":"connectDB","decl":{"start":{"line":40,"column":15},"end":{"line":40,"column":24}},"loc":{"start":{"line":40,"column":27},"end":{"line":48,"column":1}},"line":40},"2":{"name":"(anonymous_2)","decl":{"start":{"line":54,"column":19},"end":{"line":54,"column":20}},"loc":{"start":{"line":54,"column":25},"end":{"line":62,"column":3}},"line":54},"3":{"name":"(anonymous_3)","decl":{"start":{"line":55,"column":21},"end":{"line":55,"column":22}},"loc":{"start":{"line":55,"column":27},"end":{"line":61,"column":5}},"line":55}},"branchMap":{"0":{"loc":{"start":{"line":50,"column":13},"end":{"line":50,"column":37}},"type":"binary-expr","locations":[{"start":{"line":50,"column":13},"end":{"line":50,"column":29}},{"start":{"line":50,"column":33},"end":{"line":50,"column":37}}],"line":50},"1":{"loc":{"start":{"line":53,"column":0},"end":{"line":63,"column":1}},"type":"if","locations":[{"start":{"line":53,"column":0},"end":{"line":63,"column":1}},{"start":{},"end":{}}],"line":53}},"s":{"0":4,"1":4,"2":4,"3":4,"4":4,"5":4,"6":4,"7":4,"8":4,"9":4,"10":4,"11":0,"12":4,"13":4,"14":0,"15":0,"16":0,"17":0,"18":0,"19":4,"20":4,"21":0,"22":0,"23":0,"24":0,"25":4},"f":{"0":0,"1":0,"2":0,"3":0},"b":{"0":[4,0],"1":[0,4]},"_coverageSchema":"1a1c01bbd47fc00a2c39e90264f33305004495a9","hash":"da4a813da79f1faa8a3fe9c88e4b433cbad844b9"}
,"/Users/cla/Documents/Personal/BYUI/CSE 341 - Web Services/w5/cse341-team-project/swagger.js": {"path":"/Users/cla/Documents/Personal/BYUI/CSE 341 - Web Services/w5/cse341-team-project/swagger.js","statementMap":{"0":{"start":{"line":1,"column":21},"end":{"line":1,"column":45}},"1":{"start":{"line":3,"column":16},"end":{"line":126,"column":1}},"2":{"start":{"line":128,"column":14},"end":{"line":128,"column":35}},"3":{"start":{"line":129,"column":0},"end":{"line":129,"column":23}}},"fnMap":{},"branchMap":{},"s":{"0":4,"1":4,"2":4,"3":4},"f":{},"b":{},"_coverageSchema":"1a1c01bbd47fc00a2c39e90264f33305004495a9","hash":"170221743d699d100b7f5b158505f898ecc23bd0"}
,"/Users/cla/Documents/Personal/BYUI/CSE 341 - Web Services/w5/cse341-team-project/controllers/eventsController.js": {"path":"/Users/cla/Documents/Personal/BYUI/CSE 341 - Web Services/w5/cse341-team-project/controllers/eventsController.js","statementMap":{"0":{"start":{"line":1,"column":17},"end":{"line":1,"column":36}},"1":{"start":{"line":2,"column":20},"end":{"line":2,"column":47}},"2":{"start":{"line":6,"column":4},"end":{"line":27,"column":5}},"3":{"start":{"line":7,"column":24},"end":{"line":7,"column":37}},"4":{"start":{"line":10,"column":22},"end":{"line":10,"column":57}},"5":{"start":{"line":12,"column":8},"end":{"line":15,"column":9}},"6":{"start":{"line":14,"column":12},"end":{"line":14,"column":72}},"7":{"start":{"line":18,"column":8},"end":{"line":18,"column":36}},"8":{"start":{"line":23,"column":8},"end":{"line":25,"column":9}},"9":{"start":{"line":24,"column":13},"end":{"line":24,"column":81}},"10":{"start":{"line":26,"column":8},"end":{"line":26,"column":93}},"11":{"start":{"line":32,"column":4},"end":{"line":37,"column":5}},"12":{"start":{"line":33,"column":23},"end":{"line":33,"column":47}},"13":{"start":{"line":34,"column":8},"end":{"line":34,"column":24}},"14":{"start":{"line":36,"column":8},"end":{"line":36,"column":73}},"15":{"start":{"line":42,"column":4},"end":{"line":65,"column":5}},"16":{"start":{"line":43,"column":89},"end":{"line":43,"column":97}},"17":{"start":{"line":46,"column":8},"end":{"line":48,"column":9}},"18":{"start":{"line":47,"column":12},"end":{"line":47,"column":115}},"19":{"start":{"line":50,"column":22},"end":{"line":59,"column":10}},"20":{"start":{"line":60,"column":27},"end":{"line":60,"column":45}},"21":{"start":{"line":61,"column":8},"end":{"line":61,"column":40}},"22":{"start":{"line":64,"column":8},"end":{"line":64,"column":72}},"23":{"start":{"line":70,"column":4},"end":{"line":115,"column":5}},"24":{"start":{"line":71,"column":24},"end":{"line":71,"column":37}},"25":{"start":{"line":72,"column":27},"end":{"line":72,"column":35}},"26":{"start":{"line":75,"column":8},"end":{"line":77,"column":9}},"27":{"start":{"line":76,"column":12},"end":{"line":76,"column":100}},"28":{"start":{"line":80,"column":30},"end":{"line":80,"column":65}},"29":{"start":{"line":82,"column":8},"end":{"line":84,"column":9}},"30":{"start":{"line":83,"column":12},"end":{"line":83,"column":73}},"31":{"start":{"line":94,"column":29},"end":{"line":101,"column":9}},"32":{"start":{"line":103,"column":8},"end":{"line":105,"column":9}},"33":{"start":{"line":104,"column":12},"end":{"line":104,"column":91}},"34":{"start":{"line":107,"column":8},"end":{"line":107,"column":49}},"35":{"start":{"line":111,"column":8},"end":{"line":114,"column":10}},"36":{"start":{"line":120,"column":4},"end":{"line":130,"column":5}},"37":{"start":{"line":121,"column":29},"end":{"line":121,"column":87}},"38":{"start":{"line":122,"column":8},"end":{"line":124,"column":9}},"39":{"start":{"line":123,"column":12},"end":{"line":123,"column":71}},"40":{"start":{"line":126,"column":8},"end":{"line":126,"column":66}},"41":{"start":{"line":129,"column":8},"end":{"line":129,"column":72}},"42":{"start":{"line":133,"column":0},"end":{"line":139,"column":1}}},"fnMap":{"0":{"name":"getEventById","decl":{"start":{"line":5,"column":15},"end":{"line":5,"column":27}},"loc":{"start":{"line":5,"column":38},"end":{"line":28,"column":1}},"line":5},"1":{"name":"getEvents","decl":{"start":{"line":31,"column":15},"end":{"line":31,"column":24}},"loc":{"start":{"line":31,"column":35},"end":{"line":38,"column":1}},"line":31},"2":{"name":"createEvent","decl":{"start":{"line":41,"column":15},"end":{"line":41,"column":26}},"loc":{"start":{"line":41,"column":37},"end":{"line":66,"column":1}},"line":41},"3":{"name":"updateEvent","decl":{"start":{"line":69,"column":15},"end":{"line":69,"column":26}},"loc":{"start":{"line":69,"column":37},"end":{"line":116,"column":1}},"line":69},"4":{"name":"deleteEvent","decl":{"start":{"line":119,"column":15},"end":{"line":119,"column":26}},"loc":{"start":{"line":119,"column":37},"end":{"line":131,"column":1}},"line":119}},"branchMap":{"0":{"loc":{"start":{"line":12,"column":8},"end":{"line":15,"column":9}},"type":"if","locations":[{"start":{"line":12,"column":8},"end":{"line":15,"column":9}},{"start":{},"end":{}}],"line":12},"1":{"loc":{"start":{"line":23,"column":8},"end":{"line":25,"column":9}},"type":"if","locations":[{"start":{"line":23,"column":8},"end":{"line":25,"column":9}},{"start":{},"end":{}}],"line":23},"2":{"loc":{"start":{"line":46,"column":8},"end":{"line":48,"column":9}},"type":"if","locations":[{"start":{"line":46,"column":8},"end":{"line":48,"column":9}},{"start":{},"end":{}}],"line":46},"3":{"loc":{"start":{"line":46,"column":12},"end":{"line":46,"column":56}},"type":"binary-expr","locations":[{"start":{"line":46,"column":12},"end":{"line":46,"column":18}},{"start":{"line":46,"column":22},"end":{"line":46,"column":34}},{"start":{"line":46,"column":38},"end":{"line":46,"column":43}},{"start":{"line":46,"column":47},"end":{"line":46,"column":56}}],"line":46},"4":{"loc":{"start":{"line":75,"column":8},"end":{"line":77,"column":9}},"type":"if","locations":[{"start":{"line":75,"column":8},"end":{"line":77,"column":9}},{"start":{},"end":{}}],"line":75},"5":{"loc":{"start":{"line":82,"column":8},"end":{"line":84,"column":9}},"type":"if","locations":[{"start":{"line":82,"column":8},"end":{"line":84,"column":9}},{"start":{},"end":{}}],"line":82},"6":{"loc":{"start":{"line":103,"column":8},"end":{"line":105,"column":9}},"type":"if","locations":[{"start":{"line":103,"column":8},"end":{"line":105,"column":9}},{"start":{},"end":{}}],"line":103},"7":{"loc":{"start":{"line":122,"column":8},"end":{"line":124,"column":9}},"type":"if","locations":[{"start":{"line":122,"column":8},"end":{"line":124,"column":9}},{"start":{},"end":{}}],"line":122}},"s":{"0":4,"1":4,"2":3,"3":3,"4":3,"5":2,"6":1,"7":1,"8":1,"9":1,"10":0,"11":3,"12":3,"13":2,"14":1,"15":0,"16":0,"17":0,"18":0,"19":0,"20":0,"21":0,"22":0,"23":0,"24":0,"25":0,"26":0,"27":0,"28":0,"29":0,"30":0,"31":0,"32":0,"33":0,"34":0,"35":0,"36":0,"37":0,"38":0,"39":0,"40":0,"41":0,"42":4},"f":{"0":3,"1":3,"2":0,"3":0,"4":0},"b":{"0":[1,1],"1":[1,0],"2":[0,0],"3":[0,0,0,0],"4":[0,0],"5":[0,0],"6":[0,0],"7":[0,0]},"_coverageSchema":"1a1c01bbd47fc00a2c39e90264f33305004495a9","hash":"3e69dfe2eb0707e5aac4fa43d76aff51c5e74bf3"}
,"/Users/cla/Documents/Personal/BYUI/CSE 341 - Web Services/w5/cse341-team-project/controllers/registerationController.js": {"path":"/Users/cla/Documents/Personal/BYUI/CSE 341 - Web Services/w5/cse341-team-project/controllers/registerationController.js","statementMap":{"0":{"start":{"line":1,"column":26},"end":{"line":1,"column":60}},"1":{"start":{"line":6,"column":2},"end":{"line":24,"column":3}},"2":{"start":{"line":7,"column":24},"end":{"line":7,"column":34}},"3":{"start":{"line":8,"column":4},"end":{"line":10,"column":5}},"4":{"start":{"line":9,"column":6},"end":{"line":9,"column":71}},"5":{"start":{"line":11,"column":26},"end":{"line":11,"column":76}},"6":{"start":{"line":13,"column":4},"end":{"line":17,"column":5}},"7":{"start":{"line":14,"column":6},"end":{"line":16,"column":68}},"8":{"start":{"line":19,"column":4},"end":{"line":19,"column":35}},"9":{"start":{"line":21,"column":4},"end":{"line":23,"column":64}},"10":{"start":{"line":28,"column":27},"end":{"line":68,"column":1}},"11":{"start":{"line":29,"column":2},"end":{"line":67,"column":3}},"12":{"start":{"line":30,"column":32},"end":{"line":30,"column":40}},"13":{"start":{"line":33,"column":4},"end":{"line":37,"column":5}},"14":{"start":{"line":34,"column":6},"end":{"line":36,"column":65}},"15":{"start":{"line":40,"column":33},"end":{"line":43,"column":6}},"16":{"start":{"line":45,"column":4},"end":{"line":49,"column":5}},"17":{"start":{"line":46,"column":6},"end":{"line":48,"column":73}},"18":{"start":{"line":52,"column":25},"end":{"line":56,"column":6}},"19":{"start":{"line":58,"column":30},"end":{"line":58,"column":55}},"20":{"start":{"line":60,"column":4},"end":{"line":60,"column":44}},"21":{"start":{"line":63,"column":4},"end":{"line":66,"column":7}},"22":{"start":{"line":71,"column":27},"end":{"line":135,"column":1}},"23":{"start":{"line":72,"column":2},"end":{"line":134,"column":3}},"24":{"start":{"line":73,"column":27},"end":{"line":73,"column":40}},"25":{"start":{"line":74,"column":32},"end":{"line":74,"column":40}},"26":{"start":{"line":77,"column":4},"end":{"line":81,"column":5}},"27":{"start":{"line":78,"column":6},"end":{"line":80,"column":74}},"28":{"start":{"line":84,"column":4},"end":{"line":86,"column":5}},"29":{"start":{"line":85,"column":6},"end":{"line":85,"column":76}},"30":{"start":{"line":87,"column":4},"end":{"line":89,"column":5}},"31":{"start":{"line":88,"column":6},"end":{"line":88,"column":75}},"32":{"start":{"line":92,"column":33},"end":{"line":94,"column":5}},"33":{"start":{"line":95,"column":4},"end":{"line":97,"column":5}},"34":{"start":{"line":96,"column":6},"end":{"line":96,"column":74}},"35":{"start":{"line":100,"column":23},"end":{"line":100,"column":62}},"36":{"start":{"line":101,"column":22},"end":{"line":101,"column":59}},"37":{"start":{"line":103,"column":4},"end":{"line":115,"column":5}},"38":{"start":{"line":104,"column":36},"end":{"line":108,"column":8}},"39":{"start":{"line":110,"column":6},"end":{"line":114,"column":7}},"40":{"start":{"line":111,"column":8},"end":{"line":113,"column":75}},"41":{"start":{"line":118,"column":32},"end":{"line":122,"column":5}},"42":{"start":{"line":124,"column":4},"end":{"line":124,"column":46}},"43":{"start":{"line":126,"column":4},"end":{"line":130,"column":5}},"44":{"start":{"line":127,"column":6},"end":{"line":129,"column":62}},"45":{"start":{"line":131,"column":4},"end":{"line":133,"column":79}},"46":{"start":{"line":138,"column":27},"end":{"line":155,"column":1}},"47":{"start":{"line":139,"column":2},"end":{"line":154,"column":3}},"48":{"start":{"line":141,"column":32},"end":{"line":143,"column":5}},"49":{"start":{"line":145,"column":4},"end":{"line":149,"column":5}},"50":{"start":{"line":146,"column":6},"end":{"line":146,"column":78}},"51":{"start":{"line":148,"column":6},"end":{"line":148,"column":67}},"52":{"start":{"line":151,"column":4},"end":{"line":153,"column":79}},"53":{"start":{"line":157,"column":0},"end":{"line":162,"column":2}}},"fnMap":{"0":{"name":"getRegistrations","decl":{"start":{"line":5,"column":15},"end":{"line":5,"column":31}},"loc":{"start":{"line":5,"column":42},"end":{"line":25,"column":1}},"line":5},"1":{"name":"(anonymous_1)","decl":{"start":{"line":28,"column":27},"end":{"line":28,"column":28}},"loc":{"start":{"line":28,"column":47},"end":{"line":68,"column":1}},"line":28},"2":{"name":"(anonymous_2)","decl":{"start":{"line":71,"column":27},"end":{"line":71,"column":28}},"loc":{"start":{"line":71,"column":47},"end":{"line":135,"column":1}},"line":71},"3":{"name":"(anonymous_3)","decl":{"start":{"line":138,"column":27},"end":{"line":138,"column":28}},"loc":{"start":{"line":138,"column":47},"end":{"line":155,"column":1}},"line":138}},"branchMap":{"0":{"loc":{"start":{"line":8,"column":4},"end":{"line":10,"column":5}},"type":"if","locations":[{"start":{"line":8,"column":4},"end":{"line":10,"column":5}},{"start":{},"end":{}}],"line":8},"1":{"loc":{"start":{"line":13,"column":4},"end":{"line":17,"column":5}},"type":"if","locations":[{"start":{"line":13,"column":4},"end":{"line":17,"column":5}},{"start":{},"end":{}}],"line":13},"2":{"loc":{"start":{"line":33,"column":4},"end":{"line":37,"column":5}},"type":"if","locations":[{"start":{"line":33,"column":4},"end":{"line":37,"column":5}},{"start":{},"end":{}}],"line":33},"3":{"loc":{"start":{"line":33,"column":8},"end":{"line":33,"column":27}},"type":"binary-expr","locations":[{"start":{"line":33,"column":8},"end":{"line":33,"column":16}},{"start":{"line":33,"column":20},"end":{"line":33,"column":27}}],"line":33},"4":{"loc":{"start":{"line":45,"column":4},"end":{"line":49,"column":5}},"type":"if","locations":[{"start":{"line":45,"column":4},"end":{"line":49,"column":5}},{"start":{},"end":{}}],"line":45},"5":{"loc":{"start":{"line":77,"column":4},"end":{"line":81,"column":5}},"type":"if","locations":[{"start":{"line":77,"column":4},"end":{"line":81,"column":5}},{"start":{},"end":{}}],"line":77},"6":{"loc":{"start":{"line":84,"column":4},"end":{"line":86,"column":5}},"type":"if","locations":[{"start":{"line":84,"column":4},"end":{"line":86,"column":5}},{"start":{},"end":{}}],"line":84},"7":{"loc":{"start":{"line":84,"column":8},"end":{"line":84,"column":41}},"type":"binary-expr","locations":[{"start":{"line":84,"column":8},"end":{"line":84,"column":29}},{"start":{"line":84,"column":33},"end":{"line":84,"column":41}}],"line":84},"8":{"loc":{"start":{"line":87,"column":4},"end":{"line":89,"column":5}},"type":"if","locations":[{"start":{"line":87,"column":4},"end":{"line":89,"column":5}},{"start":{},"end":{}}],"line":87},"9":{"loc":{"start":{"line":87,"column":8},"end":{"line":87,"column":39}},"type":"binary-expr","locations":[{"start":{"line":87,"column":8},"end":{"line":87,"column":28}},{"start":{"line":87,"column":32},"end":{"line":87,"column":39}}],"line":87},"10":{"loc":{"start":{"line":95,"column":4},"end":{"line":97,"column":5}},"type":"if","locations":[{"start":{"line":95,"column":4},"end":{"line":97,"column":5}},{"start":{},"end":{}}],"line":95},"11":{"loc":{"start":{"line":100,"column":23},"end":{"line":100,"column":62}},"type":"binary-expr","locations":[{"start":{"line":100,"column":23},"end":{"line":100,"column":30}},{"start":{"line":100,"column":34},"end":{"line":100,"column":62}}],"line":100},"12":{"loc":{"start":{"line":101,"column":22},"end":{"line":101,"column":59}},"type":"binary-expr","locations":[{"start":{"line":101,"column":22},"end":{"line":101,"column":28}},{"start":{"line":101,"column":32},"end":{"line":101,"column":59}}],"line":101},"13":{"loc":{"start":{"line":103,"column":4},"end":{"line":115,"column":5}},"type":"if","locations":[{"start":{"line":103,"column":4},"end":{"line":115,"column":5}},{"start":{},"end":{}}],"line":103},"14":{"loc":{"start":{"line":103,"column":8},"end":{"line":103,"column":25}},"type":"binary-expr","locations":[{"start":{"line":103,"column":8},"end":{"line":103,"column":15}},{"start":{"line":103,"column":19},"end":{"line":103,"column":25}}],"line":103},"15":{"loc":{"start":{"line":110,"column":6},"end":{"line":114,"column":7}},"type":"if","locations":[{"start":{"line":110,"column":6},"end":{"line":114,"column":7}},{"start":{},"end":{}}],"line":110},"16":{"loc":{"start":{"line":126,"column":4},"end":{"line":130,"column":5}},"type":"if","locations":[{"start":{"line":126,"column":4},"end":{"line":130,"column":5}},{"start":{},"end":{}}],"line":126},"17":{"loc":{"start":{"line":145,"column":4},"end":{"line":149,"column":5}},"type":"if","locations":[{"start":{"line":145,"column":4},"end":{"line":149,"column":5}},{"start":{"line":147,"column":11},"end":{"line":149,"column":5}}],"line":145}},"s":{"0":4,"1":5,"2":5,"3":5,"4":0,"5":5,"6":4,"7":1,"8":3,"9":1,"10":4,"11":0,"12":0,"13":0,"14":0,"15":0,"16":0,"17":0,"18":0,"19":0,"20":0,"21":0,"22":4,"23":0,"24":0,"25":0,"26":0,"27":0,"28":0,"29":0,"30":0,"31":0,"32":0,"33":0,"34":0,"35":0,"36":0,"37":0,"38":0,"39":0,"40":0,"41":0,"42":0,"43":0,"44":0,"45":0,"46":4,"47":0,"48":0,"49":0,"50":0,"51":0,"52":0,"53":4},"f":{"0":5,"1":0,"2":0,"3":0},"b":{"0":[0,5],"1":[1,3],"2":[0,0],"3":[0,0],"4":[0,0],"5":[0,0],"6":[0,0],"7":[0,0],"8":[0,0],"9":[0,0],"10":[0,0],"11":[0,0],"12":[0,0],"13":[0,0],"14":[0,0],"15":[0,0],"16":[0,0],"17":[0,0]},"_coverageSchema":"1a1c01bbd47fc00a2c39e90264f33305004495a9","hash":"b37f06c3b6a55dc8e961aec0be4fc328d7e5bd55"}
,"/Users/cla/Documents/Personal/BYUI/CSE 341 - Web Services/w5/cse341-team-project/controllers/reviewsController.js": {"path":"/Users/cla/Documents/Personal/BYUI/CSE 341 - Web Services/w5/cse341-team-project/controllers/reviewsController.js","statementMap":{"0":{"start":{"line":1,"column":21},"end":{"line":1,"column":49}},"1":{"start":{"line":5,"column":2},"end":{"line":21,"column":3}},"2":{"start":{"line":6,"column":24},"end":{"line":6,"column":34}},"3":{"start":{"line":7,"column":4},"end":{"line":9,"column":5}},"4":{"start":{"line":8,"column":6},"end":{"line":8,"column":71}},"5":{"start":{"line":10,"column":20},"end":{"line":10,"column":65}},"6":{"start":{"line":12,"column":4},"end":{"line":16,"column":5}},"7":{"start":{"line":13,"column":6},"end":{"line":15,"column":62}},"8":{"start":{"line":18,"column":4},"end":{"line":18,"column":29}},"9":{"start":{"line":20,"column":4},"end":{"line":20,"column":78}},"10":{"start":{"line":24,"column":21},"end":{"line":75,"column":1}},"11":{"start":{"line":25,"column":2},"end":{"line":74,"column":3}},"12":{"start":{"line":26,"column":49},"end":{"line":26,"column":57}},"13":{"start":{"line":29,"column":4},"end":{"line":34,"column":5}},"14":{"start":{"line":30,"column":6},"end":{"line":33,"column":9}},"15":{"start":{"line":36,"column":4},"end":{"line":40,"column":5}},"16":{"start":{"line":37,"column":6},"end":{"line":39,"column":9}},"17":{"start":{"line":43,"column":27},"end":{"line":46,"column":6}},"18":{"start":{"line":48,"column":4},"end":{"line":54,"column":5}},"19":{"start":{"line":49,"column":6},"end":{"line":53,"column":11}},"20":{"start":{"line":57,"column":19},"end":{"line":63,"column":6}},"21":{"start":{"line":65,"column":24},"end":{"line":65,"column":43}},"22":{"start":{"line":67,"column":4},"end":{"line":67,"column":38}},"23":{"start":{"line":70,"column":4},"end":{"line":73,"column":7}},"24":{"start":{"line":78,"column":21},"end":{"line":149,"column":1}},"25":{"start":{"line":79,"column":2},"end":{"line":148,"column":3}},"26":{"start":{"line":80,"column":21},"end":{"line":80,"column":34}},"27":{"start":{"line":81,"column":49},"end":{"line":81,"column":57}},"28":{"start":{"line":84,"column":4},"end":{"line":88,"column":5}},"29":{"start":{"line":85,"column":6},"end":{"line":87,"column":74}},"30":{"start":{"line":91,"column":4},"end":{"line":97,"column":5}},"31":{"start":{"line":92,"column":6},"end":{"line":96,"column":7}},"32":{"start":{"line":93,"column":8},"end":{"line":95,"column":11}},"33":{"start":{"line":100,"column":4},"end":{"line":102,"column":5}},"34":{"start":{"line":101,"column":6},"end":{"line":101,"column":76}},"35":{"start":{"line":103,"column":4},"end":{"line":105,"column":5}},"36":{"start":{"line":104,"column":6},"end":{"line":104,"column":75}},"37":{"start":{"line":108,"column":27},"end":{"line":108,"column":64}},"38":{"start":{"line":109,"column":4},"end":{"line":111,"column":5}},"39":{"start":{"line":110,"column":6},"end":{"line":110,"column":68}},"40":{"start":{"line":114,"column":23},"end":{"line":114,"column":56}},"41":{"start":{"line":115,"column":22},"end":{"line":115,"column":53}},"42":{"start":{"line":117,"column":4},"end":{"line":131,"column":5}},"43":{"start":{"line":118,"column":30},"end":{"line":122,"column":8}},"44":{"start":{"line":124,"column":6},"end":{"line":130,"column":7}},"45":{"start":{"line":125,"column":8},"end":{"line":129,"column":13}},"46":{"start":{"line":134,"column":26},"end":{"line":138,"column":5}},"47":{"start":{"line":140,"column":4},"end":{"line":140,"column":40}},"48":{"start":{"line":142,"column":4},"end":{"line":144,"column":5}},"49":{"start":{"line":143,"column":6},"end":{"line":143,"column":76}},"50":{"start":{"line":145,"column":4},"end":{"line":147,"column":73}},"51":{"start":{"line":152,"column":21},"end":{"line":168,"column":1}},"52":{"start":{"line":153,"column":2},"end":{"line":167,"column":3}},"53":{"start":{"line":155,"column":26},"end":{"line":155,"column":77}},"54":{"start":{"line":157,"column":4},"end":{"line":161,"column":5}},"55":{"start":{"line":158,"column":6},"end":{"line":158,"column":72}},"56":{"start":{"line":160,"column":6},"end":{"line":160,"column":61}},"57":{"start":{"line":163,"column":4},"end":{"line":166,"column":7}},"58":{"start":{"line":170,"column":0},"end":{"line":175,"column":2}}},"fnMap":{"0":{"name":"getReviewsByEvent","decl":{"start":{"line":4,"column":15},"end":{"line":4,"column":32}},"loc":{"start":{"line":4,"column":43},"end":{"line":22,"column":1}},"line":4},"1":{"name":"(anonymous_1)","decl":{"start":{"line":24,"column":21},"end":{"line":24,"column":22}},"loc":{"start":{"line":24,"column":41},"end":{"line":75,"column":1}},"line":24},"2":{"name":"(anonymous_2)","decl":{"start":{"line":78,"column":21},"end":{"line":78,"column":22}},"loc":{"start":{"line":78,"column":41},"end":{"line":149,"column":1}},"line":78},"3":{"name":"(anonymous_3)","decl":{"start":{"line":152,"column":21},"end":{"line":152,"column":22}},"loc":{"start":{"line":152,"column":41},"end":{"line":168,"column":1}},"line":152}},"branchMap":{"0":{"loc":{"start":{"line":7,"column":4},"end":{"line":9,"column":5}},"type":"if","locations":[{"start":{"line":7,"column":4},"end":{"line":9,"column":5}},{"start":{},"end":{}}],"line":7},"1":{"loc":{"start":{"line":12,"column":4},"end":{"line":16,"column":5}},"type":"if","locations":[{"start":{"line":12,"column":4},"end":{"line":16,"column":5}},{"start":{},"end":{}}],"line":12},"2":{"loc":{"start":{"line":29,"column":4},"end":{"line":34,"column":5}},"type":"if","locations":[{"start":{"line":29,"column":4},"end":{"line":34,"column":5}},{"start":{},"end":{}}],"line":29},"3":{"loc":{"start":{"line":29,"column":8},"end":{"line":29,"column":38}},"type":"binary-expr","locations":[{"start":{"line":29,"column":8},"end":{"line":29,"column":16}},{"start":{"line":29,"column":20},"end":{"line":29,"column":27}},{"start":{"line":29,"column":31},"end":{"line":29,"column":38}}],"line":29},"4":{"loc":{"start":{"line":36,"column":4},"end":{"line":40,"column":5}},"type":"if","locations":[{"start":{"line":36,"column":4},"end":{"line":40,"column":5}},{"start":{},"end":{}}],"line":36},"5":{"loc":{"start":{"line":36,"column":8},"end":{"line":36,"column":62}},"type":"binary-expr","locations":[{"start":{"line":36,"column":8},"end":{"line":36,"column":34}},{"start":{"line":36,"column":38},"end":{"line":36,"column":48}},{"start":{"line":36,"column":52},"end":{"line":36,"column":62}}],"line":36},"6":{"loc":{"start":{"line":48,"column":4},"end":{"line":54,"column":5}},"type":"if","locations":[{"start":{"line":48,"column":4},"end":{"line":54,"column":5}},{"start":{},"end":{}}],"line":48},"7":{"loc":{"start":{"line":61,"column":15},"end":{"line":61,"column":28}},"type":"binary-expr","locations":[{"start":{"line":61,"column":15},"end":{"line":61,"column":22}},{"start":{"line":61,"column":26},"end":{"line":61,"column":28}}],"line":61},"8":{"loc":{"start":{"line":84,"column":4},"end":{"line":88,"column":5}},"type":"if","locations":[{"start":{"line":84,"column":4},"end":{"line":88,"column":5}},{"start":{},"end":{}}],"line":84},"9":{"loc":{"start":{"line":91,"column":4},"end":{"line":97,"column":5}},"type":"if","locations":[{"start":{"line":91,"column":4},"end":{"line":97,"column":5}},{"start":{},"end":{}}],"line":91},"10":{"loc":{"start":{"line":92,"column":6},"end":{"line":96,"column":7}},"type":"if","locations":[{"start":{"line":92,"column":6},"end":{"line":96,"column":7}},{"start":{},"end":{}}],"line":92},"11":{"loc":{"start":{"line":92,"column":10},"end":{"line":92,"column":64}},"type":"binary-expr","locations":[{"start":{"line":92,"column":10},"end":{"line":92,"column":36}},{"start":{"line":92,"column":40},"end":{"line":92,"column":50}},{"start":{"line":92,"column":54},"end":{"line":92,"column":64}}],"line":92},"12":{"loc":{"start":{"line":100,"column":4},"end":{"line":102,"column":5}},"type":"if","locations":[{"start":{"line":100,"column":4},"end":{"line":102,"column":5}},{"start":{},"end":{}}],"line":100},"13":{"loc":{"start":{"line":100,"column":8},"end":{"line":100,"column":41}},"type":"binary-expr","locations":[{"start":{"line":100,"column":8},"end":{"line":100,"column":29}},{"start":{"line":100,"column":33},"end":{"line":100,"column":41}}],"line":100},"14":{"loc":{"start":{"line":103,"column":4},"end":{"line":105,"column":5}},"type":"if","locations":[{"start":{"line":103,"column":4},"end":{"line":105,"column":5}},{"start":{},"end":{}}],"line":103},"15":{"loc":{"start":{"line":103,"column":8},"end":{"line":103,"column":39}},"type":"binary-expr","locations":[{"start":{"line":103,"column":8},"end":{"line":103,"column":28}},{"start":{"line":103,"column":32},"end":{"line":103,"column":39}}],"line":103},"16":{"loc":{"start":{"line":109,"column":4},"end":{"line":111,"column":5}},"type":"if","locations":[{"start":{"line":109,"column":4},"end":{"line":111,"column":5}},{"start":{},"end":{}}],"line":109},"17":{"loc":{"start":{"line":114,"column":23},"end":{"line":114,"column":56}},"type":"binary-expr","locations":[{"start":{"line":114,"column":23},"end":{"line":114,"column":30}},{"start":{"line":114,"column":34},"end":{"line":114,"column":56}}],"line":114},"18":{"loc":{"start":{"line":115,"column":22},"end":{"line":115,"column":53}},"type":"binary-expr","locations":[{"start":{"line":115,"column":22},"end":{"line":115,"column":28}},{"start":{"line":115,"column":32},"end":{"line":115,"column":53}}],"line":115},"19":{"loc":{"start":{"line":117,"column":4},"end":{"line":131,"column":5}},"type":"if","locations":[{"start":{"line":117,"column":4},"end":{"line":131,"column":5}},{"start":{},"end":{}}],"line":117},"20":{"loc":{"start":{"line":117,"column":8},"end":{"line":117,"column":25}},"type":"binary-expr","locations":[{"start":{"line":117,"column":8},"end":{"line":117,"column":15}},{"start":{"line":117,"column":19},"end":{"line":117,"column":25}}],"line":117},"21":{"loc":{"start":{"line":124,"column":6},"end":{"line":130,"column":7}},"type":"if","locations":[{"start":{"line":124,"column":6},"end":{"line":130,"column":7}},{"start":{},"end":{}}],"line":124},"22":{"loc":{"start":{"line":142,"column":4},"end":{"line":144,"column":5}},"type":"if","locations":[{"start":{"line":142,"column":4},"end":{"line":144,"column":5}},{"start":{},"end":{}}],"line":142},"23":{"loc":{"start":{"line":157,"column":4},"end":{"line":161,"column":5}},"type":"if","locations":[{"start":{"line":157,"column":4},"end":{"line":161,"column":5}},{"start":{"line":159,"column":11},"end":{"line":161,"column":5}}],"line":157}},"s":{"0":4,"1":6,"2":6,"3":6,"4":0,"5":6,"6":5,"7":1,"8":4,"9":1,"10":4,"11":0,"12":0,"13":0,"14":0,"15":0,"16":0,"17":0,"18":0,"19":0,"20":0,"21":0,"22":0,"23":0,"24":4,"25":0,"26":0,"27":0,"28":0,"29":0,"30":0,"31":0,"32":0,"33":0,"34":0,"35":0,"36":0,"37":0,"38":0,"39":0,"40":0,"41":0,"42":0,"43":0,"44":0,"45":0,"46":0,"47":0,"48":0,"49":0,"50":0,"51":4,"52":0,"53":0,"54":0,"55":0,"56":0,"57":0,"58":4},"f":{"0":6,"1":0,"2":0,"3":0},"b":{"0":[0,6],"1":[1,4],"2":[0,0],"3":[0,0,0],"4":[0,0],"5":[0,0,0],"6":[0,0],"7":[0,0],"8":[0,0],"9":[0,0],"10":[0,0],"11":[0,0,0],"12":[0,0],"13":[0,0],"14":[0,0],"15":[0,0],"16":[0,0],"17":[0,0],"18":[0,0],"19":[0,0],"20":[0,0],"21":[0,0],"22":[0,0],"23":[0,0]},"_coverageSchema":"1a1c01bbd47fc00a2c39e90264f33305004495a9","hash":"6baa052a3f98b6247c7b3844c47165f85e26f5f7"}
,"/Users/cla/Documents/Personal/BYUI/CSE 341 - Web Services/w5/cse341-team-project/controllers/userController.js": {"path":"/Users/cla/Documents/Personal/BYUI/CSE 341 - Web Services/w5/cse341-team-project/controllers/userController.js","statementMap":{"0":{"start":{"line":1,"column":18},"end":{"line":1,"column":43}},"1":{"start":{"line":2,"column":12},"end":{"line":2,"column":35}},"2":{"start":{"line":3,"column":15},"end":{"line":3,"column":32}},"3":{"start":{"line":7,"column":4},"end":{"line":12,"column":5}},"4":{"start":{"line":8,"column":22},"end":{"line":8,"column":44}},"5":{"start":{"line":9,"column":8},"end":{"line":9,"column":23}},"6":{"start":{"line":11,"column":8},"end":{"line":11,"column":72}},"7":{"start":{"line":17,"column":4},"end":{"line":34,"column":5}},"8":{"start":{"line":18,"column":23},"end":{"line":18,"column":36}},"9":{"start":{"line":20,"column":21},"end":{"line":20,"column":53}},"10":{"start":{"line":22,"column":8},"end":{"line":24,"column":9}},"11":{"start":{"line":23,"column":12},"end":{"line":23,"column":71}},"12":{"start":{"line":26,"column":8},"end":{"line":26,"column":35}},"13":{"start":{"line":30,"column":8},"end":{"line":32,"column":9}},"14":{"start":{"line":31,"column":12},"end":{"line":31,"column":79}},"15":{"start":{"line":33,"column":8},"end":{"line":33,"column":93}},"16":{"start":{"line":39,"column":4},"end":{"line":60,"column":5}},"17":{"start":{"line":40,"column":46},"end":{"line":40,"column":54}},"18":{"start":{"line":41,"column":8},"end":{"line":43,"column":9}},"19":{"start":{"line":42,"column":12},"end":{"line":42,"column":97}},"20":{"start":{"line":45,"column":29},"end":{"line":45,"column":63}},"21":{"start":{"line":46,"column":8},"end":{"line":48,"column":9}},"22":{"start":{"line":47,"column":12},"end":{"line":47,"column":80}},"23":{"start":{"line":50,"column":31},"end":{"line":50,"column":62}},"24":{"start":{"line":51,"column":24},"end":{"line":55,"column":10}},"25":{"start":{"line":57,"column":8},"end":{"line":57,"column":101}},"26":{"start":{"line":59,"column":8},"end":{"line":59,"column":71}},"27":{"start":{"line":65,"column":4},"end":{"line":77,"column":5}},"28":{"start":{"line":66,"column":28},"end":{"line":70,"column":9}},"29":{"start":{"line":71,"column":8},"end":{"line":73,"column":9}},"30":{"start":{"line":72,"column":11},"end":{"line":72,"column":69}},"31":{"start":{"line":74,"column":8},"end":{"line":74,"column":37}},"32":{"start":{"line":76,"column":8},"end":{"line":76,"column":71}},"33":{"start":{"line":82,"column":4},"end":{"line":90,"column":5}},"34":{"start":{"line":83,"column":24},"end":{"line":83,"column":72}},"35":{"start":{"line":84,"column":8},"end":{"line":86,"column":9}},"36":{"start":{"line":85,"column":12},"end":{"line":85,"column":71}},"37":{"start":{"line":87,"column":8},"end":{"line":87,"column":70}},"38":{"start":{"line":89,"column":8},"end":{"line":89,"column":71}},"39":{"start":{"line":95,"column":4},"end":{"line":115,"column":5}},"40":{"start":{"line":96,"column":36},"end":{"line":96,"column":44}},"41":{"start":{"line":97,"column":21},"end":{"line":97,"column":55}},"42":{"start":{"line":98,"column":8},"end":{"line":100,"column":9}},"43":{"start":{"line":99,"column":12},"end":{"line":99,"column":81}},"44":{"start":{"line":102,"column":22},"end":{"line":102,"column":67}},"45":{"start":{"line":103,"column":8},"end":{"line":105,"column":9}},"46":{"start":{"line":104,"column":12},"end":{"line":104,"column":81}},"47":{"start":{"line":107,"column":22},"end":{"line":111,"column":9}},"48":{"start":{"line":112,"column":8},"end":{"line":112,"column":25}},"49":{"start":{"line":114,"column":8},"end":{"line":114,"column":63}},"50":{"start":{"line":118,"column":0},"end":{"line":125,"column":1}}},"fnMap":{"0":{"name":"getUsers","decl":{"start":{"line":6,"column":15},"end":{"line":6,"column":23}},"loc":{"start":{"line":6,"column":34},"end":{"line":13,"column":1}},"line":6},"1":{"name":"getUserById","decl":{"start":{"line":16,"column":15},"end":{"line":16,"column":26}},"loc":{"start":{"line":16,"column":37},"end":{"line":35,"column":1}},"line":16},"2":{"name":"createUser","decl":{"start":{"line":38,"column":15},"end":{"line":38,"column":25}},"loc":{"start":{"line":38,"column":36},"end":{"line":61,"column":1}},"line":38},"3":{"name":"updateUser","decl":{"start":{"line":64,"column":15},"end":{"line":64,"column":25}},"loc":{"start":{"line":64,"column":36},"end":{"line":78,"column":1}},"line":64},"4":{"name":"deleteUser","decl":{"start":{"line":81,"column":15},"end":{"line":81,"column":25}},"loc":{"start":{"line":81,"column":36},"end":{"line":91,"column":1}},"line":81},"5":{"name":"login","decl":{"start":{"line":94,"column":15},"end":{"line":94,"column":20}},"loc":{"start":{"line":94,"column":31},"end":{"line":116,"column":1}},"line":94}},"branchMap":{"0":{"loc":{"start":{"line":22,"column":8},"end":{"line":24,"column":9}},"type":"if","locations":[{"start":{"line":22,"column":8},"end":{"line":24,"column":9}},{"start":{},"end":{}}],"line":22},"1":{"loc":{"start":{"line":30,"column":8},"end":{"line":32,"column":9}},"type":"if","locations":[{"start":{"line":30,"column":8},"end":{"line":32,"column":9}},{"start":{},"end":{}}],"line":30},"2":{"loc":{"start":{"line":41,"column":8},"end":{"line":43,"column":9}},"type":"if","locations":[{"start":{"line":41,"column":8},"end":{"line":43,"column":9}},{"start":{},"end":{}}],"line":41},"3":{"loc":{"start":{"line":41,"column":11},"end":{"line":41,"column":43}},"type":"binary-expr","locations":[{"start":{"line":41,"column":11},"end":{"line":41,"column":20}},{"start":{"line":41,"column":24},"end":{"line":41,"column":30}},{"start":{"line":41,"column":34},"end":{"line":41,"column":43}}],"line":41},"4":{"loc":{"start":{"line":46,"column":8},"end":{"line":48,"column":9}},"type":"if","locations":[{"start":{"line":46,"column":8},"end":{"line":48,"column":9}},{"start":{},"end":{}}],"line":46},"5":{"loc":{"start":{"line":71,"column":8},"end":{"line":73,"column":9}},"type":"if","locations":[{"start":{"line":71,"column":8},"end":{"line":73,"column":9}},{"start":{},"end":{}}],"line":71},"6":{"loc":{"start":{"line":84,"column":8},"end":{"line":86,"column":9}},"type":"if","locations":[{"start":{"line":84,"column":8},"end":{"line":86,"column":9}},{"start":{},"end":{}}],"line":84},"7":{"loc":{"start":{"line":98,"column":8},"end":{"line":100,"column":9}},"type":"if","locations":[{"start":{"line":98,"column":8},"end":{"line":100,"column":9}},{"start":{},"end":{}}],"line":98},"8":{"loc":{"start":{"line":103,"column":8},"end":{"line":105,"column":9}},"type":"if","locations":[{"start":{"line":103,"column":8},"end":{"line":105,"column":9}},{"start":{},"end":{}}],"line":103}},"s":{"0":4,"1":4,"2":4,"3":3,"4":3,"5":2,"6":1,"7":3,"8":3,"9":3,"10":2,"11":1,"12":1,"13":1,"14":1,"15":0,"16":0,"17":0,"18":0,"19":0,"20":0,"21":0,"22":0,"23":0,"24":0,"25":0,"26":0,"27":0,"28":0,"29":0,"30":0,"31":0,"32":0,"33":0,"34":0,"35":0,"36":0,"37":0,"38":0,"39":0,"40":0,"41":0,"42":0,"43":0,"44":0,"45":0,"46":0,"47":0,"48":0,"49":0,"50":4},"f":{"0":3,"1":3,"2":0,"3":0,"4":0,"5":0},"b":{"0":[1,1],"1":[1,0],"2":[0,0],"3":[0,0,0],"4":[0,0],"5":[0,0],"6":[0,0],"7":[0,0],"8":[0,0]},"_coverageSchema":"1a1c01bbd47fc00a2c39e90264f33305004495a9","hash":"155fa1377113cdb1e0bd3f180457ced31f246116"}
,"/Users/cla/Documents/Personal/BYUI/CSE 341 - Web Services/w5/cse341-team-project/middleware/authMiddleware.js": {"path":"/Users/cla/Documents/Personal/BYUI/CSE 341 - Web Services/w5/cse341-team-project/middleware/authMiddleware.js","statementMap":{"0":{"start":{"line":1,"column":12},"end":{"line":1,"column":35}},"1":{"start":{"line":4,"column":23},"end":{"line":4,"column":51}},"2":{"start":{"line":7,"column":4},"end":{"line":9,"column":5}},"3":{"start":{"line":8,"column":8},"end":{"line":8,"column":101}},"4":{"start":{"line":12,"column":18},"end":{"line":12,"column":39}},"5":{"start":{"line":13,"column":4},"end":{"line":15,"column":5}},"6":{"start":{"line":14,"column":8},"end":{"line":14,"column":117}},"7":{"start":{"line":17,"column":18},"end":{"line":17,"column":26}},"8":{"start":{"line":18,"column":4},"end":{"line":20,"column":5}},"9":{"start":{"line":19,"column":8},"end":{"line":19,"column":86}},"10":{"start":{"line":22,"column":4},"end":{"line":28,"column":5}},"11":{"start":{"line":23,"column":24},"end":{"line":23,"column":65}},"12":{"start":{"line":24,"column":8},"end":{"line":24,"column":27}},"13":{"start":{"line":25,"column":8},"end":{"line":25,"column":15}},"14":{"start":{"line":27,"column":8},"end":{"line":27,"column":93}},"15":{"start":{"line":31,"column":0},"end":{"line":31,"column":22}}},"fnMap":{"0":{"name":"auth","decl":{"start":{"line":3,"column":9},"end":{"line":3,"column":13}},"loc":{"start":{"line":3,"column":30},"end":{"line":29,"column":1}},"line":3}},"branchMap":{"0":{"loc":{"start":{"line":7,"column":4},"end":{"line":9,"column":5}},"type":"if","locations":[{"start":{"line":7,"column":4},"end":{"line":9,"column":5}},{"start":{},"end":{}}],"line":7},"1":{"loc":{"start":{"line":13,"column":4},"end":{"line":15,"column":5}},"type":"if","locations":[{"start":{"line":13,"column":4},"end":{"line":15,"column":5}},{"start":{},"end":{}}],"line":13},"2":{"loc":{"start":{"line":13,"column":8},"end":{"line":13,"column":51}},"type":"binary-expr","locations":[{"start":{"line":13,"column":8},"end":{"line":13,"column":26}},{"start":{"line":13,"column":30},"end":{"line":13,"column":51}}],"line":13},"3":{"loc":{"start":{"line":18,"column":4},"end":{"line":20,"column":5}},"type":"if","locations":[{"start":{"line":18,"column":4},"end":{"line":20,"column":5}},{"start":{},"end":{}}],"line":18}},"s":{"0":4,"1":0,"2":0,"3":0,"4":0,"5":0,"6":0,"7":0,"8":0,"9":0,"10":0,"11":0,"12":0,"13":0,"14":0,"15":4},"f":{"0":0},"b":{"0":[0,0],"1":[0,0],"2":[0,0],"3":[0,0]},"_coverageSchema":"1a1c01bbd47fc00a2c39e90264f33305004495a9","hash":"c6e1dcda8112002aa0ab85abf7ddbefdc147ddda"}
,"/Users/cla/Documents/Personal/BYUI/CSE 341 - Web Services/w5/cse341-team-project/models/events.js": {"path":"/Users/cla/Documents/Personal/BYUI/CSE 341 - Web Services/w5/cse341-team-project/models/events.js","statementMap":{"0":{"start":{"line":1,"column":17},"end":{"line":1,"column":36}},"1":{"start":{"line":3,"column":21},"end":{"line":12,"column":2}},"2":{"start":{"line":14,"column":0},"end":{"line":14,"column":55}}},"fnMap":{},"branchMap":{},"s":{"0":4,"1":4,"2":4},"f":{},"b":{},"_coverageSchema":"1a1c01bbd47fc00a2c39e90264f33305004495a9","hash":"c24210aa951a2e00eac11f7067cc54f9ffc581d8"}
,"/Users/cla/Documents/Personal/BYUI/CSE 341 - Web Services/w5/cse341-team-project/models/registeration.js": {"path":"/Users/cla/Documents/Personal/BYUI/CSE 341 - Web Services/w5/cse341-team-project/models/registeration.js","statementMap":{"0":{"start":{"line":1,"column":17},"end":{"line":1,"column":36}},"1":{"start":{"line":3,"column":27},"end":{"line":17,"column":2}},"2":{"start":{"line":20,"column":0},"end":{"line":20,"column":70}},"3":{"start":{"line":22,"column":0},"end":{"line":22,"column":69}}},"fnMap":{},"branchMap":{},"s":{"0":4,"1":4,"2":4,"3":4},"f":{},"b":{},"_coverageSchema":"1a1c01bbd47fc00a2c39e90264f33305004495a9","hash":"f746ba87d97327936387442c66a72604edd1a9b7"}
,"/Users/cla/Documents/Personal/BYUI/CSE 341 - Web Services/w5/cse341-team-project/models/reviews.js": {"path":"/Users/cla/Documents/Personal/BYUI/CSE 341 - Web Services/w5/cse341-team-project/models/reviews.js","statementMap":{"0":{"start":{"line":1,"column":17},"end":{"line":1,"column":36}},"1":{"start":{"line":3,"column":21},"end":{"line":26,"column":2}},"2":{"start":{"line":28,"column":0},"end":{"line":28,"column":56}}},"fnMap":{},"branchMap":{},"s":{"0":4,"1":4,"2":4},"f":{},"b":{},"_coverageSchema":"1a1c01bbd47fc00a2c39e90264f33305004495a9","hash":"526768280a4443fcd08479cf133c86324244e4d5"}
,"/Users/cla/Documents/Personal/BYUI/CSE 341 - Web Services/w5/cse341-team-project/models/user.js": {"path":"/Users/cla/Documents/Personal/BYUI/CSE 341 - Web Services/w5/cse341-team-project/models/user.js","statementMap":{"0":{"start":{"line":1,"column":17},"end":{"line":1,"column":36}},"1":{"start":{"line":3,"column":19},"end":{"line":7,"column":2}},"2":{"start":{"line":9,"column":0},"end":{"line":9,"column":52}}},"fnMap":{},"branchMap":{},"s":{"0":4,"1":4,"2":4},"f":{},"b":{},"_coverageSchema":"1a1c01bbd47fc00a2c39e90264f33305004495a9","hash":"8c42f67b5f3da11cc494e4ab498e533a7c98418b"}
,"/Users/cla/Documents/Personal/BYUI/CSE 341 - Web Services/w5/cse341-team-project/routes/eventRoutes.js": {"path":"/Users/cla/Documents/Personal/BYUI/CSE 341 - Web Services/w5/cse341-team-project/routes/eventRoutes.js","statementMap":{"0":{"start":{"line":1,"column":16},"end":{"line":1,"column":34}},"1":{"start":{"line":2,"column":15},"end":{"line":2,"column":31}},"2":{"start":{"line":3,"column":25},"end":{"line":3,"column":67}},"3":{"start":{"line":4,"column":13},"end":{"line":4,"column":52}},"4":{"start":{"line":6,"column":0},"end":{"line":6,"column":44}},"5":{"start":{"line":7,"column":0},"end":{"line":7,"column":50}},"6":{"start":{"line":8,"column":0},"end":{"line":8,"column":53}},"7":{"start":{"line":9,"column":0},"end":{"line":9,"column":55}},"8":{"start":{"line":10,"column":0},"end":{"line":10,"column":58}},"9":{"start":{"line":12,"column":0},"end":{"line":12,"column":24}}},"fnMap":{},"branchMap":{},"s":{"0":4,"1":4,"2":4,"3":4,"4":4,"5":4,"6":4,"7":4,"8":4,"9":4},"f":{},"b":{},"_coverageSchema":"1a1c01bbd47fc00a2c39e90264f33305004495a9","hash":"a763a7ddf2859b79ed87566a5f34fae88defcaca"}
,"/Users/cla/Documents/Personal/BYUI/CSE 341 - Web Services/w5/cse341-team-project/routes/index.js": {"path":"/Users/cla/Documents/Personal/BYUI/CSE 341 - Web Services/w5/cse341-team-project/routes/index.js","statementMap":{"0":{"start":{"line":1,"column":16},"end":{"line":1,"column":35}},"1":{"start":{"line":2,"column":15},"end":{"line":2,"column":31}},"2":{"start":{"line":4,"column":0},"end":{"line":4,"column":47}},"3":{"start":{"line":5,"column":0},"end":{"line":5,"column":50}},"4":{"start":{"line":6,"column":0},"end":{"line":6,"column":63}},"5":{"start":{"line":7,"column":0},"end":{"line":7,"column":45}},"6":{"start":{"line":9,"column":0},"end":{"line":9,"column":23}}},"fnMap":{},"branchMap":{},"s":{"0":4,"1":4,"2":4,"3":4,"4":4,"5":4,"6":4},"f":{},"b":{},"_coverageSchema":"1a1c01bbd47fc00a2c39e90264f33305004495a9","hash":"518c012623c20c4475ed94d23f88de4eb8f78424"}
,"/Users/cla/Documents/Personal/BYUI/CSE 341 - Web Services/w5/cse341-team-project/routes/registerationRoutes.js": {"path":"/Users/cla/Documents/Personal/BYUI/CSE 341 - Web Services/w5/cse341-team-project/routes/registerationRoutes.js","statementMap":{"0":{"start":{"line":1,"column":16},"end":{"line":1,"column":34}},"1":{"start":{"line":2,"column":15},"end":{"line":2,"column":31}},"2":{"start":{"line":3,"column":32},"end":{"line":3,"column":81}},"3":{"start":{"line":5,"column":0},"end":{"line":5,"column":66}},"4":{"start":{"line":6,"column":0},"end":{"line":6,"column":61}},"5":{"start":{"line":7,"column":0},"end":{"line":7,"column":63}},"6":{"start":{"line":8,"column":0},"end":{"line":8,"column":66}},"7":{"start":{"line":10,"column":0},"end":{"line":10,"column":24}}},"fnMap":{},"branchMap":{},"s":{"0":4,"1":4,"2":4,"3":4,"4":4,"5":4,"6":4,"7":4},"f":{},"b":{},"_coverageSchema":"1a1c01bbd47fc00a2c39e90264f33305004495a9","hash":"8be7db3552a4002b23663487fe0842eb05770fad"}
,"/Users/cla/Documents/Personal/BYUI/CSE 341 - Web Services/w5/cse341-team-project/routes/reviewRoutes.js": {"path":"/Users/cla/Documents/Personal/BYUI/CSE 341 - Web Services/w5/cse341-team-project/routes/reviewRoutes.js","statementMap":{"0":{"start":{"line":1,"column":16},"end":{"line":1,"column":34}},"1":{"start":{"line":2,"column":15},"end":{"line":2,"column":31}},"2":{"start":{"line":3,"column":26},"end":{"line":3,"column":69}},"3":{"start":{"line":4,"column":13},"end":{"line":4,"column":52}},"4":{"start":{"line":6,"column":0},"end":{"line":6,"column":55}},"5":{"start":{"line":7,"column":0},"end":{"line":7,"column":57}},"6":{"start":{"line":8,"column":0},"end":{"line":8,"column":60}},"7":{"start":{"line":9,"column":0},"end":{"line":9,"column":61}},"8":{"start":{"line":11,"column":0},"end":{"line":11,"column":24}}},"fnMap":{},"branchMap":{},"s":{"0":4,"1":4,"2":4,"3":4,"4":4,"5":4,"6":4,"7":4,"8":4},"f":{},"b":{},"_coverageSchema":"1a1c01bbd47fc00a2c39e90264f33305004495a9","hash":"c951526cf747303dcab62518a3e90e23dd958de1"}
,"/Users/cla/Documents/Personal/BYUI/CSE 341 - Web Services/w5/cse341-team-project/routes/userRoutes.js": {"path":"/Users/cla/Documents/Personal/BYUI/CSE 341 - Web Services/w5/cse341-team-project/routes/userRoutes.js","statementMap":{"0":{"start":{"line":1,"column":16},"end":{"line":1,"column":34}},"1":{"start":{"line":2,"column":15},"end":{"line":2,"column":31}},"2":{"start":{"line":3,"column":23},"end":{"line":3,"column":63}},"3":{"start":{"line":5,"column":0},"end":{"line":5,"column":40}},"4":{"start":{"line":6,"column":0},"end":{"line":6,"column":46}},"5":{"start":{"line":7,"column":0},"end":{"line":7,"column":43}},"6":{"start":{"line":8,"column":0},"end":{"line":8,"column":43}},"7":{"start":{"line":9,"column":0},"end":{"line":9,"column":45}},"8":{"start":{"line":10,"column":0},"end":{"line":10,"column":48}},"9":{"start":{"line":12,"column":0},"end":{"line":12,"column":23}}},"fnMap":{},"branchMap":{},"s":{"0":4,"1":4,"2":4,"3":4,"4":4,"5":4,"6":4,"7":4,"8":4,"9":4},"f":{},"b":{},"_coverageSchema":"1a1c01bbd47fc00a2c39e90264f33305004495a9","hash":"859760e592a4f6527bcf41ea278bc065aa8261d3"}
}
