TN:
SF:server.js
FN:21,(anonymous_0)
FN:40,connectDB
FN:54,(anonymous_2)
FN:55,(anonymous_3)
FNF:4
FNH:0
FNDA:0,(anonymous_0)
FNDA:0,connectDB
FNDA:0,(anonymous_2)
FNDA:0,(anonymous_3)
DA:1,4
DA:2,4
DA:3,4
DA:4,4
DA:5,4
DA:7,4
DA:8,4
DA:9,4
DA:11,4
DA:18,4
DA:21,4
DA:22,0
DA:26,4
DA:38,4
DA:41,0
DA:42,0
DA:43,0
DA:45,0
DA:46,0
DA:50,4
DA:53,4
DA:54,0
DA:55,0
DA:56,0
DA:58,0
DA:65,4
LF:26
LH:16
BRDA:50,0,0,4
BRDA:50,0,1,0
BRDA:53,1,0,0
BRDA:53,1,1,4
BRF:4
BRH:2
end_of_record
TN:
SF:swagger.js
FNF:0
FNH:0
DA:1,4
DA:3,4
DA:128,4
DA:129,4
LF:4
LH:4
BRF:0
BRH:0
end_of_record
TN:
SF:controllers/eventsController.js
FN:5,getEventById
FN:31,getEvents
FN:41,createEvent
FN:69,updateEvent
FN:119,deleteEvent
FNF:5
FNH:2
FNDA:3,getEventById
FNDA:3,getEvents
FNDA:0,createEvent
FNDA:0,updateEvent
FNDA:0,deleteEvent
DA:1,4
DA:2,4
DA:6,3
DA:7,3
DA:10,3
DA:12,2
DA:14,1
DA:18,1
DA:23,1
DA:24,1
DA:26,0
DA:32,3
DA:33,3
DA:34,2
DA:36,1
DA:42,0
DA:43,0
DA:46,0
DA:47,0
DA:50,0
DA:60,0
DA:61,0
DA:64,0
DA:70,0
DA:71,0
DA:72,0
DA:75,0
DA:76,0
DA:80,0
DA:82,0
DA:83,0
DA:94,0
DA:103,0
DA:104,0
DA:107,0
DA:111,0
DA:120,0
DA:121,0
DA:122,0
DA:123,0
DA:126,0
DA:129,0
DA:133,4
LF:43
LH:15
BRDA:12,0,0,1
BRDA:12,0,1,1
BRDA:23,1,0,1
BRDA:23,1,1,0
BRDA:46,2,0,0
BRDA:46,2,1,0
BRDA:46,3,0,0
BRDA:46,3,1,0
BRDA:46,3,2,0
BRDA:46,3,3,0
BRDA:75,4,0,0
BRDA:75,4,1,0
BRDA:82,5,0,0
BRDA:82,5,1,0
BRDA:103,6,0,0
BRDA:103,6,1,0
BRDA:122,7,0,0
BRDA:122,7,1,0
BRF:18
BRH:3
end_of_record
TN:
SF:controllers/registerationController.js
FN:5,getRegistrations
FN:28,(anonymous_1)
FN:71,(anonymous_2)
FN:138,(anonymous_3)
FNF:4
FNH:1
FNDA:5,getRegistrations
FNDA:0,(anonymous_1)
FNDA:0,(anonymous_2)
FNDA:0,(anonymous_3)
DA:1,4
DA:6,5
DA:7,5
DA:8,5
DA:9,0
DA:11,5
DA:13,4
DA:14,1
DA:19,3
DA:21,1
DA:28,4
DA:29,0
DA:30,0
DA:33,0
DA:34,0
DA:40,0
DA:45,0
DA:46,0
DA:52,0
DA:58,0
DA:60,0
DA:63,0
DA:71,4
DA:72,0
DA:73,0
DA:74,0
DA:77,0
DA:78,0
DA:84,0
DA:85,0
DA:87,0
DA:88,0
DA:92,0
DA:95,0
DA:96,0
DA:100,0
DA:101,0
DA:103,0
DA:104,0
DA:110,0
DA:111,0
DA:118,0
DA:124,0
DA:126,0
DA:127,0
DA:131,0
DA:138,4
DA:139,0
DA:141,0
DA:145,0
DA:146,0
DA:148,0
DA:151,0
DA:157,4
LF:54
LH:13
BRDA:8,0,0,0
BRDA:8,0,1,5
BRDA:13,1,0,1
BRDA:13,1,1,3
BRDA:33,2,0,0
BRDA:33,2,1,0
BRDA:33,3,0,0
BRDA:33,3,1,0
BRDA:45,4,0,0
BRDA:45,4,1,0
BRDA:77,5,0,0
BRDA:77,5,1,0
BRDA:84,6,0,0
BRDA:84,6,1,0
BRDA:84,7,0,0
BRDA:84,7,1,0
BRDA:87,8,0,0
BRDA:87,8,1,0
BRDA:87,9,0,0
BRDA:87,9,1,0
BRDA:95,10,0,0
BRDA:95,10,1,0
BRDA:100,11,0,0
BRDA:100,11,1,0
BRDA:101,12,0,0
BRDA:101,12,1,0
BRDA:103,13,0,0
BRDA:103,13,1,0
BRDA:103,14,0,0
BRDA:103,14,1,0
BRDA:110,15,0,0
BRDA:110,15,1,0
BRDA:126,16,0,0
BRDA:126,16,1,0
BRDA:145,17,0,0
BRDA:145,17,1,0
BRF:36
BRH:3
end_of_record
TN:
SF:controllers/reviewsController.js
FN:4,getReviewsByEvent
FN:24,(anonymous_1)
FN:78,(anonymous_2)
FN:152,(anonymous_3)
FNF:4
FNH:1
FNDA:6,getReviewsByEvent
FNDA:0,(anonymous_1)
FNDA:0,(anonymous_2)
FNDA:0,(anonymous_3)
DA:1,4
DA:5,6
DA:6,6
DA:7,6
DA:8,0
DA:10,6
DA:12,5
DA:13,1
DA:18,4
DA:20,1
DA:24,4
DA:25,0
DA:26,0
DA:29,0
DA:30,0
DA:36,0
DA:37,0
DA:43,0
DA:48,0
DA:49,0
DA:57,0
DA:65,0
DA:67,0
DA:70,0
DA:78,4
DA:79,0
DA:80,0
DA:81,0
DA:84,0
DA:85,0
DA:91,0
DA:92,0
DA:93,0
DA:100,0
DA:101,0
DA:103,0
DA:104,0
DA:108,0
DA:109,0
DA:110,0
DA:114,0
DA:115,0
DA:117,0
DA:118,0
DA:124,0
DA:125,0
DA:134,0
DA:140,0
DA:142,0
DA:143,0
DA:145,0
DA:152,4
DA:153,0
DA:155,0
DA:157,0
DA:158,0
DA:160,0
DA:163,0
DA:170,4
LF:59
LH:13
BRDA:7,0,0,0
BRDA:7,0,1,6
BRDA:12,1,0,1
BRDA:12,1,1,4
BRDA:29,2,0,0
BRDA:29,2,1,0
BRDA:29,3,0,0
BRDA:29,3,1,0
BRDA:29,3,2,0
BRDA:36,4,0,0
BRDA:36,4,1,0
BRDA:36,5,0,0
BRDA:36,5,1,0
BRDA:36,5,2,0
BRDA:48,6,0,0
BRDA:48,6,1,0
BRDA:61,7,0,0
BRDA:61,7,1,0
BRDA:84,8,0,0
BRDA:84,8,1,0
BRDA:91,9,0,0
BRDA:91,9,1,0
BRDA:92,10,0,0
BRDA:92,10,1,0
BRDA:92,11,0,0
BRDA:92,11,1,0
BRDA:92,11,2,0
BRDA:100,12,0,0
BRDA:100,12,1,0
BRDA:100,13,0,0
BRDA:100,13,1,0
BRDA:103,14,0,0
BRDA:103,14,1,0
BRDA:103,15,0,0
BRDA:103,15,1,0
BRDA:109,16,0,0
BRDA:109,16,1,0
BRDA:114,17,0,0
BRDA:114,17,1,0
BRDA:115,18,0,0
BRDA:115,18,1,0
BRDA:117,19,0,0
BRDA:117,19,1,0
BRDA:117,20,0,0
BRDA:117,20,1,0
BRDA:124,21,0,0
BRDA:124,21,1,0
BRDA:142,22,0,0
BRDA:142,22,1,0
BRDA:157,23,0,0
BRDA:157,23,1,0
BRF:51
BRH:3
end_of_record
TN:
SF:controllers/userController.js
FN:6,getUsers
FN:16,getUserById
FN:38,createUser
FN:64,updateUser
FN:81,deleteUser
FN:94,login
FNF:6
FNH:2
FNDA:3,getUsers
FNDA:3,getUserById
FNDA:0,createUser
FNDA:0,updateUser
FNDA:0,deleteUser
FNDA:0,login
DA:1,4
DA:2,4
DA:3,4
DA:7,3
DA:8,3
DA:9,2
DA:11,1
DA:17,3
DA:18,3
DA:20,3
DA:22,2
DA:23,1
DA:26,1
DA:30,1
DA:31,1
DA:33,0
DA:39,0
DA:40,0
DA:41,0
DA:42,0
DA:45,0
DA:46,0
DA:47,0
DA:50,0
DA:51,0
DA:57,0
DA:59,0
DA:65,0
DA:66,0
DA:71,0
DA:72,0
DA:74,0
DA:76,0
DA:82,0
DA:83,0
DA:84,0
DA:85,0
DA:87,0
DA:89,0
DA:95,0
DA:96,0
DA:97,0
DA:98,0
DA:99,0
DA:102,0
DA:103,0
DA:104,0
DA:107,0
DA:112,0
DA:114,0
DA:118,4
LF:51
LH:16
BRDA:22,0,0,1
BRDA:22,0,1,1
BRDA:30,1,0,1
BRDA:30,1,1,0
BRDA:41,2,0,0
BRDA:41,2,1,0
BRDA:41,3,0,0
BRDA:41,3,1,0
BRDA:41,3,2,0
BRDA:46,4,0,0
BRDA:46,4,1,0
BRDA:71,5,0,0
BRDA:71,5,1,0
BRDA:84,6,0,0
BRDA:84,6,1,0
BRDA:98,7,0,0
BRDA:98,7,1,0
BRDA:103,8,0,0
BRDA:103,8,1,0
BRF:19
BRH:3
end_of_record
TN:
SF:middleware/authMiddleware.js
FN:3,auth
FNF:1
FNH:0
FNDA:0,auth
DA:1,4
DA:4,0
DA:7,0
DA:8,0
DA:12,0
DA:13,0
DA:14,0
DA:17,0
DA:18,0
DA:19,0
DA:22,0
DA:23,0
DA:24,0
DA:25,0
DA:27,0
DA:31,4
LF:16
LH:2
BRDA:7,0,0,0
BRDA:7,0,1,0
BRDA:13,1,0,0
BRDA:13,1,1,0
BRDA:13,2,0,0
BRDA:13,2,1,0
BRDA:18,3,0,0
BRDA:18,3,1,0
BRF:8
BRH:0
end_of_record
TN:
SF:models/events.js
FNF:0
FNH:0
DA:1,4
DA:3,4
DA:14,4
LF:3
LH:3
BRF:0
BRH:0
end_of_record
TN:
SF:models/registeration.js
FNF:0
FNH:0
DA:1,4
DA:3,4
DA:20,4
DA:22,4
LF:4
LH:4
BRF:0
BRH:0
end_of_record
TN:
SF:models/reviews.js
FNF:0
FNH:0
DA:1,4
DA:3,4
DA:28,4
LF:3
LH:3
BRF:0
BRH:0
end_of_record
TN:
SF:models/user.js
FNF:0
FNH:0
DA:1,4
DA:3,4
DA:9,4
LF:3
LH:3
BRF:0
BRH:0
end_of_record
TN:
SF:routes/eventRoutes.js
FNF:0
FNH:0
DA:1,4
DA:2,4
DA:3,4
DA:4,4
DA:6,4
DA:7,4
DA:8,4
DA:9,4
DA:10,4
DA:12,4
LF:10
LH:10
BRF:0
BRH:0
end_of_record
TN:
SF:routes/index.js
FNF:0
FNH:0
DA:1,4
DA:2,4
DA:4,4
DA:5,4
DA:6,4
DA:7,4
DA:9,4
LF:7
LH:7
BRF:0
BRH:0
end_of_record
TN:
SF:routes/registerationRoutes.js
FNF:0
FNH:0
DA:1,4
DA:2,4
DA:3,4
DA:5,4
DA:6,4
DA:7,4
DA:8,4
DA:10,4
LF:8
LH:8
BRF:0
BRH:0
end_of_record
TN:
SF:routes/reviewRoutes.js
FNF:0
FNH:0
DA:1,4
DA:2,4
DA:3,4
DA:4,4
DA:6,4
DA:7,4
DA:8,4
DA:9,4
DA:11,4
LF:9
LH:9
BRF:0
BRH:0
end_of_record
TN:
SF:routes/userRoutes.js
FNF:0
FNH:0
DA:1,4
DA:2,4
DA:3,4
DA:5,4
DA:6,4
DA:7,4
DA:8,4
DA:9,4
DA:10,4
DA:12,4
LF:10
LH:10
BRF:0
BRH:0
end_of_record
