TN:
SF:server.js
FN:19,(anonymous_0)
FN:35,connectDB
FN:49,(anonymous_2)
FN:50,(anonymous_3)
FNF:4
FNH:0
FNDA:0,(anonymous_0)
FNDA:0,connectDB
FNDA:0,(anonymous_2)
FNDA:0,(anonymous_3)
DA:1,4
DA:2,4
DA:3,4
DA:4,4
DA:5,4
DA:7,4
DA:8,4
DA:9,4
DA:11,4
DA:16,4
DA:19,4
DA:20,0
DA:24,4
DA:33,4
DA:36,0
DA:37,0
DA:38,0
DA:40,0
DA:41,0
DA:45,4
DA:48,4
DA:49,0
DA:50,0
DA:51,0
DA:53,0
DA:58,4
LF:26
LH:16
BRDA:45,0,0,4
BRDA:45,0,1,0
BRDA:48,1,0,0
BRDA:48,1,1,4
BRF:4
BRH:2
end_of_record
TN:
SF:swagger.js
FNF:0
FNH:0
DA:1,4
DA:3,4
DA:110,4
DA:111,4
LF:4
LH:4
BRF:0
BRH:0
end_of_record
TN:
SF:controllers/eventsController.js
FN:5,getEventById
FN:31,getEvents
FN:41,createEvent
FN:69,updateEvent
FN:119,deleteEvent
FNF:5
FNH:2
FNDA:3,getEventById
FNDA:3,getEvents
FNDA:0,createEvent
FNDA:0,updateEvent
FNDA:0,deleteEvent
DA:1,4
DA:2,4
DA:6,3
DA:7,3
DA:10,3
DA:12,2
DA:14,1
DA:18,1
DA:23,1
DA:24,1
DA:26,0
DA:32,3
DA:33,3
DA:34,2
DA:36,1
DA:42,0
DA:43,0
DA:46,0
DA:47,0
DA:50,0
DA:60,0
DA:61,0
DA:64,0
DA:70,0
DA:71,0
DA:72,0
DA:75,0
DA:76,0
DA:80,0
DA:82,0
DA:83,0
DA:94,0
DA:103,0
DA:104,0
DA:107,0
DA:111,0
DA:120,0
DA:121,0
DA:122,0
DA:123,0
DA:126,0
DA:129,0
DA:133,4
LF:43
LH:15
BRDA:12,0,0,1
BRDA:12,0,1,1
BRDA:23,1,0,1
BRDA:23,1,1,0
BRDA:46,2,0,0
BRDA:46,2,1,0
BRDA:46,3,0,0
BRDA:46,3,1,0
BRDA:46,3,2,0
BRDA:46,3,3,0
BRDA:75,4,0,0
BRDA:75,4,1,0
BRDA:82,5,0,0
BRDA:82,5,1,0
BRDA:103,6,0,0
BRDA:103,6,1,0
BRDA:122,7,0,0
BRDA:122,7,1,0
BRF:18
BRH:3
end_of_record
TN:
SF:controllers/registerationController.js
FN:5,getRegistrations
FN:24,(anonymous_1)
FN:64,(anonymous_2)
FN:122,(anonymous_3)
FNF:4
FNH:1
FNDA:5,getRegistrations
FNDA:0,(anonymous_1)
FNDA:0,(anonymous_2)
FNDA:0,(anonymous_3)
DA:1,4
DA:6,5
DA:7,5
DA:8,5
DA:9,0
DA:11,5
DA:13,4
DA:14,1
DA:17,3
DA:19,1
DA:24,4
DA:25,0
DA:26,0
DA:29,0
DA:30,0
DA:34,0
DA:39,0
DA:40,0
DA:44,0
DA:50,0
DA:52,0
DA:56,0
DA:64,4
DA:65,0
DA:66,0
DA:67,0
DA:70,0
DA:71,0
DA:75,0
DA:76,0
DA:78,0
DA:79,0
DA:83,0
DA:84,0
DA:85,0
DA:89,0
DA:90,0
DA:92,0
DA:93,0
DA:99,0
DA:100,0
DA:105,0
DA:111,0
DA:114,0
DA:115,0
DA:117,0
DA:122,4
DA:123,0
DA:125,0
DA:127,0
DA:128,0
DA:130,0
DA:134,0
DA:138,4
LF:54
LH:13
BRDA:8,0,0,0
BRDA:8,0,1,5
BRDA:13,1,0,1
BRDA:13,1,1,3
BRDA:29,2,0,0
BRDA:29,2,1,0
BRDA:29,3,0,0
BRDA:29,3,1,0
BRDA:39,4,0,0
BRDA:39,4,1,0
BRDA:70,5,0,0
BRDA:70,5,1,0
BRDA:75,6,0,0
BRDA:75,6,1,0
BRDA:75,7,0,0
BRDA:75,7,1,0
BRDA:78,8,0,0
BRDA:78,8,1,0
BRDA:78,9,0,0
BRDA:78,9,1,0
BRDA:84,10,0,0
BRDA:84,10,1,0
BRDA:89,11,0,0
BRDA:89,11,1,0
BRDA:90,12,0,0
BRDA:90,12,1,0
BRDA:92,13,0,0
BRDA:92,13,1,0
BRDA:92,14,0,0
BRDA:92,14,1,0
BRDA:99,15,0,0
BRDA:99,15,1,0
BRDA:114,16,0,0
BRDA:114,16,1,0
BRDA:127,17,0,0
BRDA:127,17,1,0
BRF:36
BRH:3
end_of_record
TN:
SF:controllers/reviewsController.js
FN:4,getReviewsByEvent
FN:22,(anonymous_1)
FN:74,(anonymous_2)
FN:141,(anonymous_3)
FNF:4
FNH:1
FNDA:6,getReviewsByEvent
FNDA:0,(anonymous_1)
FNDA:0,(anonymous_2)
FNDA:0,(anonymous_3)
DA:1,4
DA:5,6
DA:6,6
DA:7,6
DA:8,0
DA:10,6
DA:12,5
DA:13,1
DA:16,4
DA:18,1
DA:22,4
DA:23,0
DA:24,0
DA:27,0
DA:28,0
DA:33,0
DA:34,0
DA:40,0
DA:45,0
DA:46,0
DA:51,0
DA:59,0
DA:61,0
DA:65,0
DA:74,4
DA:75,0
DA:76,0
DA:77,0
DA:80,0
DA:81,0
DA:85,0
DA:86,0
DA:87,0
DA:94,0
DA:95,0
DA:97,0
DA:98,0
DA:102,0
DA:103,0
DA:104,0
DA:108,0
DA:109,0
DA:111,0
DA:112,0
DA:118,0
DA:119,0
DA:124,0
DA:130,0
DA:133,0
DA:134,0
DA:136,0
DA:141,4
DA:142,0
DA:144,0
DA:146,0
DA:147,0
DA:149,0
DA:153,0
DA:160,4
LF:59
LH:13
BRDA:7,0,0,0
BRDA:7,0,1,6
BRDA:12,1,0,1
BRDA:12,1,1,4
BRDA:27,2,0,0
BRDA:27,2,1,0
BRDA:27,3,0,0
BRDA:27,3,1,0
BRDA:27,3,2,0
BRDA:33,4,0,0
BRDA:33,4,1,0
BRDA:33,5,0,0
BRDA:33,5,1,0
BRDA:33,5,2,0
BRDA:45,6,0,0
BRDA:45,6,1,0
BRDA:55,7,0,0
BRDA:55,7,1,0
BRDA:80,8,0,0
BRDA:80,8,1,0
BRDA:85,9,0,0
BRDA:85,9,1,0
BRDA:86,10,0,0
BRDA:86,10,1,0
BRDA:86,11,0,0
BRDA:86,11,1,0
BRDA:86,11,2,0
BRDA:94,12,0,0
BRDA:94,12,1,0
BRDA:94,13,0,0
BRDA:94,13,1,0
BRDA:97,14,0,0
BRDA:97,14,1,0
BRDA:97,15,0,0
BRDA:97,15,1,0
BRDA:103,16,0,0
BRDA:103,16,1,0
BRDA:108,17,0,0
BRDA:108,17,1,0
BRDA:109,18,0,0
BRDA:109,18,1,0
BRDA:111,19,0,0
BRDA:111,19,1,0
BRDA:111,20,0,0
BRDA:111,20,1,0
BRDA:118,21,0,0
BRDA:118,21,1,0
BRDA:133,22,0,0
BRDA:133,22,1,0
BRDA:146,23,0,0
BRDA:146,23,1,0
BRF:51
BRH:3
end_of_record
TN:
SF:controllers/userController.js
FN:6,getUsers
FN:16,getUserById
FN:38,createUser
FN:64,updateUser
FN:81,deleteUser
FN:94,login
FNF:6
FNH:2
FNDA:3,getUsers
FNDA:3,getUserById
FNDA:0,createUser
FNDA:0,updateUser
FNDA:0,deleteUser
FNDA:0,login
DA:1,4
DA:2,4
DA:3,4
DA:7,3
DA:8,3
DA:9,2
DA:11,1
DA:17,3
DA:18,3
DA:20,3
DA:22,2
DA:23,1
DA:26,1
DA:30,1
DA:31,1
DA:33,0
DA:39,0
DA:40,0
DA:41,0
DA:42,0
DA:45,0
DA:46,0
DA:47,0
DA:50,0
DA:51,0
DA:57,0
DA:59,0
DA:65,0
DA:66,0
DA:71,0
DA:72,0
DA:74,0
DA:76,0
DA:82,0
DA:83,0
DA:84,0
DA:85,0
DA:87,0
DA:89,0
DA:95,0
DA:96,0
DA:97,0
DA:98,0
DA:99,0
DA:102,0
DA:103,0
DA:104,0
DA:107,0
DA:112,0
DA:114,0
DA:118,4
LF:51
LH:16
BRDA:22,0,0,1
BRDA:22,0,1,1
BRDA:30,1,0,1
BRDA:30,1,1,0
BRDA:41,2,0,0
BRDA:41,2,1,0
BRDA:41,3,0,0
BRDA:41,3,1,0
BRDA:41,3,2,0
BRDA:46,4,0,0
BRDA:46,4,1,0
BRDA:71,5,0,0
BRDA:71,5,1,0
BRDA:84,6,0,0
BRDA:84,6,1,0
BRDA:98,7,0,0
BRDA:98,7,1,0
BRDA:103,8,0,0
BRDA:103,8,1,0
BRF:19
BRH:3
end_of_record
TN:
SF:middleware/authMiddleware.js
FN:3,auth
FNF:1
FNH:0
FNDA:0,auth
DA:1,4
DA:4,0
DA:7,0
DA:8,0
DA:12,0
DA:13,0
DA:14,0
DA:17,0
DA:18,0
DA:19,0
DA:22,0
DA:23,0
DA:24,0
DA:25,0
DA:27,0
DA:31,4
LF:16
LH:2
BRDA:7,0,0,0
BRDA:7,0,1,0
BRDA:13,1,0,0
BRDA:13,1,1,0
BRDA:13,2,0,0
BRDA:13,2,1,0
BRDA:18,3,0,0
BRDA:18,3,1,0
BRF:8
BRH:0
end_of_record
TN:
SF:models/events.js
FNF:0
FNH:0
DA:1,4
DA:3,4
DA:14,4
LF:3
LH:3
BRF:0
BRH:0
end_of_record
TN:
SF:models/registeration.js
FNF:0
FNH:0
DA:1,4
DA:3,4
DA:20,4
DA:22,4
LF:4
LH:4
BRF:0
BRH:0
end_of_record
TN:
SF:models/reviews.js
FNF:0
FNH:0
DA:1,4
DA:3,4
DA:28,4
LF:3
LH:3
BRF:0
BRH:0
end_of_record
TN:
SF:models/user.js
FNF:0
FNH:0
DA:1,4
DA:3,4
DA:9,4
LF:3
LH:3
BRF:0
BRH:0
end_of_record
TN:
SF:routes/eventRoutes.js
FNF:0
FNH:0
DA:1,4
DA:2,4
DA:3,4
DA:4,4
DA:7,4
DA:8,4
DA:9,4
DA:10,4
DA:11,4
DA:13,4
LF:10
LH:10
BRF:0
BRH:0
end_of_record
TN:
SF:routes/index.js
FNF:0
FNH:0
DA:1,4
DA:2,4
DA:4,4
DA:5,4
DA:6,4
DA:7,4
DA:9,4
LF:7
LH:7
BRF:0
BRH:0
end_of_record
TN:
SF:routes/registerationRoutes.js
FNF:0
FNH:0
DA:1,4
DA:2,4
DA:3,4
DA:5,4
DA:6,4
DA:7,4
DA:8,4
DA:10,4
LF:8
LH:8
BRF:0
BRH:0
end_of_record
TN:
SF:routes/reviewRoutes.js
FNF:0
FNH:0
DA:1,4
DA:2,4
DA:3,4
DA:4,4
DA:6,4
DA:7,4
DA:8,4
DA:9,4
DA:11,4
LF:9
LH:9
BRF:0
BRH:0
end_of_record
TN:
SF:routes/userRoutes.js
FNF:0
FNH:0
DA:1,4
DA:2,4
DA:3,4
DA:5,4
DA:6,4
DA:7,4
DA:8,4
DA:9,4
DA:10,4
DA:12,4
LF:10
LH:10
BRF:0
BRH:0
end_of_record
